DEBUG AWT-EventQueue-0 org.apache.commons.digester.Digester - [FactoryCreateRule]{jasperReport/pageFooter/band/textField/box} Pop net.sf.jasperreports.engine.base.JRBaseLineBox
DEBUG AWT-EventQueue-0 org.apache.commons.digester.Digester.sax - ignorableWhitespace(
					)
DEBUG AWT-EventQueue-0 org.apache.commons.digester.Digester.sax - startElement(,textElement,textElement)
DEBUG AWT-EventQueue-0 org.apache.commons.digester.Digester -   Pushing body text ''
DEBUG AWT-EventQueue-0 org.apache.commons.digester.Digester -   New match='jasperReport/pageFooter/band/textField/textElement'
DEBUG AWT-EventQueue-0 org.apache.commons.digester.Digester -   Fire begin() for FactoryCreateRule[className=net.sf.jasperreports.engine.xml.JRTextElementFactory, attributeName=null, creationFactory=net.sf.jasperreports.engine.xml.JRTextElementFactory@30f369]
DEBUG AWT-EventQueue-0 org.apache.commons.digester.Digester - [FactoryCreateRule]{jasperReport/pageFooter/band/textField/textElement} New net.sf.jasperreports.engine.design.JRDesignTextField
DEBUG AWT-EventQueue-0 org.apache.commons.digester.Digester.sax - ignorableWhitespace(
						)
DEBUG AWT-EventQueue-0 org.apache.commons.digester.Digester.sax - startElement(,font,font)
DEBUG AWT-EventQueue-0 org.apache.commons.digester.Digester -   Pushing body text ''
DEBUG AWT-EventQueue-0 org.apache.commons.digester.Digester -   New match='jasperReport/pageFooter/band/textField/textElement/font'
DEBUG AWT-EventQueue-0 org.apache.commons.digester.Digester -   Fire begin() for FactoryCreateRule[className=net.sf.jasperreports.engine.xml.JRFontFactory$TextElementFontFactory, attributeName=null, creationFactory=net.sf.jasperreports.engine.xml.JRFontFactory$TextElementFontFactory@a16605]
DEBUG AWT-EventQueue-0 org.apache.commons.digester.Digester - [FactoryCreateRule]{jasperReport/pageFooter/band/textField/textElement/font} New net.sf.jasperreports.engine.design.JRDesignTextField
DEBUG AWT-EventQueue-0 org.apache.commons.digester.Digester.sax - endElement(,font,font)
DEBUG AWT-EventQueue-0 org.apache.commons.digester.Digester -   match='jasperReport/pageFooter/band/textField/textElement/font'
DEBUG AWT-EventQueue-0 org.apache.commons.digester.Digester -   bodyText=''
DEBUG AWT-EventQueue-0 org.apache.commons.digester.Digester -   Fire body() for FactoryCreateRule[className=net.sf.jasperreports.engine.xml.JRFontFactory$TextElementFontFactory, attributeName=null, creationFactory=net.sf.jasperreports.engine.xml.JRFontFactory$TextElementFontFactory@a16605]
DEBUG AWT-EventQueue-0 org.apache.commons.digester.Digester -   Popping body text ''
DEBUG AWT-EventQueue-0 org.apache.commons.digester.Digester -   Fire end() for FactoryCreateRule[className=net.sf.jasperreports.engine.xml.JRFontFactory$TextElementFontFactory, attributeName=null, creationFactory=net.sf.jasperreports.engine.xml.JRFontFactory$TextElementFontFactory@a16605]
DEBUG AWT-EventQueue-0 org.apache.commons.digester.Digester - [FactoryCreateRule]{jasperReport/pageFooter/band/textField/textElement/font} Pop net.sf.jasperreports.engine.design.JRDesignTextField
DEBUG AWT-EventQueue-0 org.apache.commons.digester.Digester.sax - ignorableWhitespace(
					)
DEBUG AWT-EventQueue-0 org.apache.commons.digester.Digester.sax - endElement(,textElement,textElement)
DEBUG AWT-EventQueue-0 org.apache.commons.digester.Digester -   match='jasperReport/pageFooter/band/textField/textElement'
DEBUG AWT-EventQueue-0 org.apache.commons.digester.Digester -   bodyText=''
DEBUG AWT-EventQueue-0 org.apache.commons.digester.Digester -   Fire body() for FactoryCreateRule[className=net.sf.jasperreports.engine.xml.JRTextElementFactory, attributeName=null, creationFactory=net.sf.jasperreports.engine.xml.JRTextElementFactory@30f369]
DEBUG AWT-EventQueue-0 org.apache.commons.digester.Digester -   Popping body text ''
DEBUG AWT-EventQueue-0 org.apache.commons.digester.Digester -   Fire end() for FactoryCreateRule[className=net.sf.jasperreports.engine.xml.JRTextElementFactory, attributeName=null, creationFactory=net.sf.jasperreports.engine.xml.JRTextElementFactory@30f369]
DEBUG AWT-EventQueue-0 org.apache.commons.digester.Digester - [FactoryCreateRule]{jasperReport/pageFooter/band/textField/textElement} Pop net.sf.jasperreports.engine.design.JRDesignTextField
DEBUG AWT-EventQueue-0 org.apache.commons.digester.Digester.sax - ignorableWhitespace(
				)
DEBUG AWT-EventQueue-0 org.apache.commons.digester.Digester.sax - startElement(,textFieldExpression,textFieldExpression)
DEBUG AWT-EventQueue-0 org.apache.commons.digester.Digester -   Pushing body text ''
DEBUG AWT-EventQueue-0 org.apache.commons.digester.Digester -   New match='jasperReport/pageFooter/band/textField/textFieldExpression'
DEBUG AWT-EventQueue-0 org.apache.commons.digester.Digester -   Fire begin() for FactoryCreateRule[className=net.sf.jasperreports.engine.xml.JRStringExpressionFactory, attributeName=null, creationFactory=net.sf.jasperreports.engine.xml.JRStringExpressionFactory@8398e7]
DEBUG AWT-EventQueue-0 org.apache.commons.digester.Digester - [FactoryCreateRule]{jasperReport/pageFooter/band/textField/textFieldExpression} New net.sf.jasperreports.engine.design.JRDesignExpression
DEBUG AWT-EventQueue-0 org.apache.commons.digester.Digester -   Fire begin() for SetNextRule[methodName=setExpression, paramType=net.sf.jasperreports.engine.JRExpression]
DEBUG AWT-EventQueue-0 org.apache.commons.digester.Digester -   Fire begin() for CallMethodRule[methodName=setText, paramCount=0, paramTypes={java.lang.String}]
DEBUG AWT-EventQueue-0 org.apache.commons.digester.Digester.sax - characters("" + $V{PAGE_NUMBER} + "")
DEBUG AWT-EventQueue-0 org.apache.commons.digester.Digester.sax - endElement(,textFieldExpression,textFieldExpression)
DEBUG AWT-EventQueue-0 org.apache.commons.digester.Digester -   match='jasperReport/pageFooter/band/textField/textFieldExpression'
DEBUG AWT-EventQueue-0 org.apache.commons.digester.Digester -   bodyText='"" + $V{PAGE_NUMBER} + ""'
DEBUG AWT-EventQueue-0 org.apache.commons.digester.Digester -   Fire body() for FactoryCreateRule[className=net.sf.jasperreports.engine.xml.JRStringExpressionFactory, attributeName=null, creationFactory=net.sf.jasperreports.engine.xml.JRStringExpressionFactory@8398e7]
DEBUG AWT-EventQueue-0 org.apache.commons.digester.Digester -   Fire body() for SetNextRule[methodName=setExpression, paramType=net.sf.jasperreports.engine.JRExpression]
DEBUG AWT-EventQueue-0 org.apache.commons.digester.Digester -   Fire body() for CallMethodRule[methodName=setText, paramCount=0, paramTypes={java.lang.String}]
DEBUG AWT-EventQueue-0 org.apache.commons.digester.Digester -   Popping body text ''
DEBUG AWT-EventQueue-0 org.apache.commons.digester.Digester -   Fire end() for CallMethodRule[methodName=setText, paramCount=0, paramTypes={java.lang.String}]
DEBUG AWT-EventQueue-0 org.apache.commons.digester.Digester - [CallMethodRule]{jasperReport/pageFooter/band/textField/textFieldExpression} Call net.sf.jasperreports.engine.design.JRDesignExpression.setText("" + $V{PAGE_NUMBER} + ""/java.lang.String)
DEBUG AWT-EventQueue-0 org.apache.commons.beanutils.MethodUtils - Matching name=setText on class net.sf.jasperreports.engine.design.JRDesignExpression
DEBUG AWT-EventQueue-0 org.apache.commons.digester.Digester -   Fire end() for SetNextRule[methodName=setExpression, paramType=net.sf.jasperreports.engine.JRExpression]
DEBUG AWT-EventQueue-0 org.apache.commons.digester.Digester - [SetNextRule]{jasperReport/pageFooter/band/textField/textFieldExpression} Call net.sf.jasperreports.engine.design.JRDesignTextField.setExpression(net.sf.jasperreports.engine.design.JRDesignExpression@177e6b4)
DEBUG AWT-EventQueue-0 org.apache.commons.beanutils.MethodUtils - Matching name=setExpression on class net.sf.jasperreports.engine.design.JRDesignTextField
DEBUG AWT-EventQueue-0 org.apache.commons.digester.Digester -   Fire end() for FactoryCreateRule[className=net.sf.jasperreports.engine.xml.JRStringExpressionFactory, attributeName=null, creationFactory=net.sf.jasperreports.engine.xml.JRStringExpressionFactory@8398e7]
DEBUG AWT-EventQueue-0 org.apache.commons.digester.Digester - [FactoryCreateRule]{jasperReport/pageFooter/band/textField/textFieldExpression} Pop net.sf.jasperreports.engine.design.JRDesignExpression
DEBUG AWT-EventQueue-0 org.apache.commons.digester.Digester.sax - ignorableWhitespace(
				)
DEBUG AWT-EventQueue-0 org.apache.commons.digester.Digester.sax - endElement(,textField,textField)
DEBUG AWT-EventQueue-0 org.apache.commons.digester.Digester -   match='jasperReport/pageFooter/band/textField'
DEBUG AWT-EventQueue-0 org.apache.commons.digester.Digester -   bodyText=''
DEBUG AWT-EventQueue-0 org.apache.commons.digester.Digester -   Fire body() for FactoryCreateRule[className=net.sf.jasperreports.engine.xml.JRTextFieldFactory, attributeName=null, creationFactory=net.sf.jasperreports.engine.xml.JRTextFieldFactory@146ac5a]
DEBUG AWT-EventQueue-0 org.apache.commons.digester.Digester -   Fire body() for SetNextRule[methodName=addElement, paramType=net.sf.jasperreports.engine.design.JRDesignElement]
DEBUG AWT-EventQueue-0 org.apache.commons.digester.Digester -   Popping body text ''
DEBUG AWT-EventQueue-0 org.apache.commons.digester.Digester -   Fire end() for SetNextRule[methodName=addElement, paramType=net.sf.jasperreports.engine.design.JRDesignElement]
DEBUG AWT-EventQueue-0 org.apache.commons.digester.Digester - [SetNextRule]{jasperReport/pageFooter/band/textField} Call net.sf.jasperreports.engine.design.JRDesignBand.addElement(net.sf.jasperreports.engine.design.JRDesignTextField@cb5d35)
DEBUG AWT-EventQueue-0 org.apache.commons.beanutils.MethodUtils - Matching name=addElement on class net.sf.jasperreports.engine.design.JRDesignBand
DEBUG AWT-EventQueue-0 org.apache.commons.digester.Digester -   Fire end() for FactoryCreateRule[className=net.sf.jasperreports.engine.xml.JRTextFieldFactory, attributeName=null, creationFactory=net.sf.jasperreports.engine.xml.JRTextFieldFactory@146ac5a]
DEBUG AWT-EventQueue-0 org.apache.commons.digester.Digester - [FactoryCreateRule]{jasperReport/pageFooter/band/textField} Pop net.sf.jasperreports.engine.design.JRDesignTextField
DEBUG AWT-EventQueue-0 org.apache.commons.digester.Digester.sax - ignorableWhitespace(
			)
DEBUG AWT-EventQueue-0 org.apache.commons.digester.Digester.sax - endElement(,band,band)
DEBUG AWT-EventQueue-0 org.apache.commons.digester.Digester -   match='jasperReport/pageFooter/band'
DEBUG AWT-EventQueue-0 org.apache.commons.digester.Digester -   bodyText=''
DEBUG AWT-EventQueue-0 org.apache.commons.digester.Digester -   Fire body() for FactoryCreateRule[className=net.sf.jasperreports.engine.xml.JRBandFactory, attributeName=null, creationFactory=net.sf.jasperreports.engine.xml.JRBandFactory@1544e44]
DEBUG AWT-EventQueue-0 org.apache.commons.digester.Digester -   Fire body() for SetNextRule[methodName=setPageFooter, paramType=net.sf.jasperreports.engine.JRBand]
DEBUG AWT-EventQueue-0 org.apache.commons.digester.Digester -   Popping body text ''
DEBUG AWT-EventQueue-0 org.apache.commons.digester.Digester -   Fire end() for SetNextRule[methodName=setPageFooter, paramType=net.sf.jasperreports.engine.JRBand]
DEBUG AWT-EventQueue-0 org.apache.commons.digester.Digester - [SetNextRule]{jasperReport/pageFooter/band} Call net.sf.jasperreports.engine.design.JasperDesign.setPageFooter(net.sf.jasperreports.engine.design.JRDesignBand@1de530a)
DEBUG AWT-EventQueue-0 org.apache.commons.beanutils.MethodUtils - Matching name=setPageFooter on class net.sf.jasperreports.engine.design.JasperDesign
DEBUG AWT-EventQueue-0 org.apache.commons.beanutils.MethodUtils - Found straight match: public void net.sf.jasperreports.engine.design.JasperDesign.setPageFooter(net.sf.jasperreports.engine.JRBand)
DEBUG AWT-EventQueue-0 org.apache.commons.beanutils.MethodUtils - isPublic:true
DEBUG AWT-EventQueue-0 org.apache.commons.digester.Digester -   Fire end() for FactoryCreateRule[className=net.sf.jasperreports.engine.xml.JRBandFactory, attributeName=null, creationFactory=net.sf.jasperreports.engine.xml.JRBandFactory@1544e44]
DEBUG AWT-EventQueue-0 org.apache.commons.digester.Digester - [FactoryCreateRule]{jasperReport/pageFooter/band} Pop net.sf.jasperreports.engine.design.JRDesignBand
DEBUG AWT-EventQueue-0 org.apache.commons.digester.Digester.sax - ignorableWhitespace(
		)
DEBUG AWT-EventQueue-0 org.apache.commons.digester.Digester.sax - endElement(,pageFooter,pageFooter)
DEBUG AWT-EventQueue-0 org.apache.commons.digester.Digester -   match='jasperReport/pageFooter'
DEBUG AWT-EventQueue-0 org.apache.commons.digester.Digester -   bodyText=''
DEBUG AWT-EventQueue-0 org.apache.commons.digester.Digester -   No rules found matching 'jasperReport/pageFooter'.
DEBUG AWT-EventQueue-0 org.apache.commons.digester.Digester -   Popping body text ''
DEBUG AWT-EventQueue-0 org.apache.commons.digester.Digester.sax - ignorableWhitespace(
		)
DEBUG AWT-EventQueue-0 org.apache.commons.digester.Digester.sax - startElement(,summary,summary)
DEBUG AWT-EventQueue-0 org.apache.commons.digester.Digester -   Pushing body text ''
DEBUG AWT-EventQueue-0 org.apache.commons.digester.Digester -   New match='jasperReport/summary'
DEBUG AWT-EventQueue-0 org.apache.commons.digester.Digester -   No rules found matching 'jasperReport/summary'.
DEBUG AWT-EventQueue-0 org.apache.commons.digester.Digester.sax - ignorableWhitespace(
			)
DEBUG AWT-EventQueue-0 org.apache.commons.digester.Digester.sax - startElement(,band,band)
DEBUG AWT-EventQueue-0 org.apache.commons.digester.Digester -   Pushing body text ''
DEBUG AWT-EventQueue-0 org.apache.commons.digester.Digester -   New match='jasperReport/summary/band'
DEBUG AWT-EventQueue-0 org.apache.commons.digester.Digester -   Fire begin() for FactoryCreateRule[className=net.sf.jasperreports.engine.xml.JRBandFactory, attributeName=null]
DEBUG AWT-EventQueue-0 org.apache.commons.digester.Digester - [FactoryCreateRule]{jasperReport/summary/band} New factory net.sf.jasperreports.engine.xml.JRBandFactory
DEBUG AWT-EventQueue-0 org.apache.commons.digester.Digester - [FactoryCreateRule]{jasperReport/summary/band} New net.sf.jasperreports.engine.design.JRDesignBand
DEBUG AWT-EventQueue-0 org.apache.commons.digester.Digester -   Fire begin() for SetNextRule[methodName=setSummary, paramType=net.sf.jasperreports.engine.JRBand]
DEBUG AWT-EventQueue-0 org.apache.commons.digester.Digester.sax - ignorableWhitespace(
			)
DEBUG AWT-EventQueue-0 org.apache.commons.digester.Digester.sax - endElement(,band,band)
DEBUG AWT-EventQueue-0 org.apache.commons.digester.Digester -   match='jasperReport/summary/band'
DEBUG AWT-EventQueue-0 org.apache.commons.digester.Digester -   bodyText=''
DEBUG AWT-EventQueue-0 org.apache.commons.digester.Digester -   Fire body() for FactoryCreateRule[className=net.sf.jasperreports.engine.xml.JRBandFactory, attributeName=null, creationFactory=net.sf.jasperreports.engine.xml.JRBandFactory@11dd95c]
DEBUG AWT-EventQueue-0 org.apache.commons.digester.Digester -   Fire body() for SetNextRule[methodName=setSummary, paramType=net.sf.jasperreports.engine.JRBand]
DEBUG AWT-EventQueue-0 org.apache.commons.digester.Digester -   Popping body text ''
DEBUG AWT-EventQueue-0 org.apache.commons.digester.Digester -   Fire end() for SetNextRule[methodName=setSummary, paramType=net.sf.jasperreports.engine.JRBand]
DEBUG AWT-EventQueue-0 org.apache.commons.digester.Digester - [SetNextRule]{jasperReport/summary/band} Call net.sf.jasperreports.engine.design.JasperDesign.setSummary(net.sf.jasperreports.engine.design.JRDesignBand@a92aaa)
DEBUG AWT-EventQueue-0 org.apache.commons.beanutils.MethodUtils - Matching name=setSummary on class net.sf.jasperreports.engine.design.JasperDesign
DEBUG AWT-EventQueue-0 org.apache.commons.beanutils.MethodUtils - Found straight match: public void net.sf.jasperreports.engine.design.JasperDesign.setSummary(net.sf.jasperreports.engine.JRBand)
DEBUG AWT-EventQueue-0 org.apache.commons.beanutils.MethodUtils - isPublic:true
DEBUG AWT-EventQueue-0 org.apache.commons.digester.Digester -   Fire end() for FactoryCreateRule[className=net.sf.jasperreports.engine.xml.JRBandFactory, attributeName=null, creationFactory=net.sf.jasperreports.engine.xml.JRBandFactory@11dd95c]
DEBUG AWT-EventQueue-0 org.apache.commons.digester.Digester - [FactoryCreateRule]{jasperReport/summary/band} Pop net.sf.jasperreports.engine.design.JRDesignBand
DEBUG AWT-EventQueue-0 org.apache.commons.digester.Digester.sax - ignorableWhitespace(
		)
DEBUG AWT-EventQueue-0 org.apache.commons.digester.Digester.sax - endElement(,summary,summary)
DEBUG AWT-EventQueue-0 org.apache.commons.digester.Digester -   match='jasperReport/summary'
DEBUG AWT-EventQueue-0 org.apache.commons.digester.Digester -   bodyText=''
DEBUG AWT-EventQueue-0 org.apache.commons.digester.Digester -   No rules found matching 'jasperReport/summary'.
DEBUG AWT-EventQueue-0 org.apache.commons.digester.Digester -   Popping body text ''
DEBUG AWT-EventQueue-0 org.apache.commons.digester.Digester.sax - ignorableWhitespace(
)
DEBUG AWT-EventQueue-0 org.apache.commons.digester.Digester.sax - endElement(,jasperReport,jasperReport)
DEBUG AWT-EventQueue-0 org.apache.commons.digester.Digester -   match='jasperReport'
DEBUG AWT-EventQueue-0 org.apache.commons.digester.Digester -   bodyText=''
DEBUG AWT-EventQueue-0 org.apache.commons.digester.Digester -   Fire body() for FactoryCreateRule[className=net.sf.jasperreports.engine.xml.JasperDesignFactory, attributeName=null, creationFactory=net.sf.jasperreports.engine.xml.JasperDesignFactory@301bf5]
DEBUG AWT-EventQueue-0 org.apache.commons.digester.Digester -   Fire body() for SetNextRule[methodName=setJasperDesign, paramType=net.sf.jasperreports.engine.design.JasperDesign]
DEBUG AWT-EventQueue-0 org.apache.commons.digester.Digester -   Popping body text ''
DEBUG AWT-EventQueue-0 org.apache.commons.digester.Digester -   Fire end() for SetNextRule[methodName=setJasperDesign, paramType=net.sf.jasperreports.engine.design.JasperDesign]
DEBUG AWT-EventQueue-0 org.apache.commons.digester.Digester - [SetNextRule]{jasperReport} Call net.sf.jasperreports.engine.xml.JRXmlLoader.setJasperDesign(net.sf.jasperreports.engine.design.JasperDesign@7ba849)
DEBUG AWT-EventQueue-0 org.apache.commons.beanutils.MethodUtils - Matching name=setJasperDesign on class net.sf.jasperreports.engine.xml.JRXmlLoader
DEBUG AWT-EventQueue-0 org.apache.commons.beanutils.MethodUtils - Found straight match: public void net.sf.jasperreports.engine.xml.JRXmlLoader.setJasperDesign(net.sf.jasperreports.engine.design.JasperDesign)
DEBUG AWT-EventQueue-0 org.apache.commons.beanutils.MethodUtils - isPublic:true
DEBUG AWT-EventQueue-0 org.apache.commons.digester.Digester -   Fire end() for FactoryCreateRule[className=net.sf.jasperreports.engine.xml.JasperDesignFactory, attributeName=null, creationFactory=net.sf.jasperreports.engine.xml.JasperDesignFactory@301bf5]
DEBUG AWT-EventQueue-0 org.apache.commons.digester.Digester - [FactoryCreateRule]{jasperReport} Pop net.sf.jasperreports.engine.design.JasperDesign
DEBUG AWT-EventQueue-0 org.apache.commons.digester.Digester.sax - endDocument()
DEBUG AWT-EventQueue-0 net.sf.jasperreports.engine.fill.JRBaseFiller - Fill 14415773: created for Informe_Formulas_Aplicadas
DEBUG AWT-EventQueue-0 net.sf.jasperreports.engine.fill.JRBaseFiller - Fill 14415773: filling report
DEBUG AWT-EventQueue-0 net.sf.jasperreports.engine.fill.JRBaseFiller - Fill 14415773: adding page 1
DEBUG AWT-EventQueue-0 net.sf.jasperreports.engine.fill.JRVerticalFiller - Fill 14415773: title
DEBUG AWT-EventQueue-0 net.sf.jasperreports.engine.fill.JRVerticalFiller - Fill 14415773: page header
DEBUG AWT-EventQueue-0 net.sf.jasperreports.engine.fill.JRVerticalFiller - Fill 14415773: column header
DEBUG AWT-EventQueue-0 net.sf.jasperreports.engine.fill.JRVerticalFiller - Fill 14415773: detail
DEBUG AWT-EventQueue-0 net.sf.jasperreports.engine.fill.JRVerticalFiller - Fill 14415773: detail
DEBUG AWT-EventQueue-0 net.sf.jasperreports.engine.fill.JRVerticalFiller - Fill 14415773: page footer
DEBUG AWT-EventQueue-0 net.sf.jasperreports.engine.fill.JRBaseFiller - Fill 14415773: ended
